<?xml version="1.0" encoding="UTF-8"?>
<!-- Generated by org.testng.reporters.JUnitReportReporter -->
<testsuite hostname="PRO-IND-1604" failures="0" tests="11" name="testRunner.Adminlogin" time="100.015" errors="0" timestamp="29 Oct 2025 10:37:11 GMT" skipped="0">
  <testcase classname="testRunner.Adminlogin" name="runScenario" time="9.014"/>
  <testcase classname="testRunner.Adminlogin" name="runScenario" time="10.083"/>
  <testcase classname="testRunner.Adminlogin" name="runScenario" time="10.478"/>
  <testcase classname="testRunner.Adminlogin" name="runScenario" time="11.547"/>
  <testcase classname="testRunner.Adminlogin" name="runScenario" time="9.612"/>
  <testcase classname="testRunner.Adminlogin" name="runScenario" time="8.182"/>
  <testcase classname="testRunner.Adminlogin" name="runScenario" time="9.354"/>
  <testcase classname="testRunner.Adminlogin" name="runScenario" time="8.443"/>
  <testcase classname="testRunner.Adminlogin" name="runScenario" time="8.375"/>
  <testcase classname="testRunner.Adminlogin" name="runScenario" time="6.215"/>
  <testcase classname="testRunner.Adminlogin" name="runScenario" time="8.712"/>
</testsuite> <!-- testRunner.Adminlogin -->
